<?xml version="1.0" encoding="utf-8"?><testsuites name="pytest tests"><testsuite name="pytest" errors="0" failures="0" skipped="0" tests="7" time="1.602" timestamp="2026-06-13T07:46:00.175727+00:00" hostname="agent-env-f69b7122-1ff3-4547-8578-43d1d23b79e2"><testcase classname="backend.tests.test_motorin_verme_bulk.TestMotorinVermeBulk" name="test_bulk_create_with_upload" time="0.719" /><testcase classname="backend.tests.test_motorin_verme_bulk.TestMotorinVermeBulk" name="test_list_uploads_filtered" time="0.044" /><testcase classname="backend.tests.test_motorin_verme_bulk.TestMotorinVermeBulk" name="test_get_upload_records" time="0.042" /><testcase classname="backend.tests.test_motorin_verme_bulk.TestMotorinVermeBulk" name="test_download_upload" time="0.084" /><testcase classname="backend.tests.test_motorin_verme_bulk.TestMotorinVermeBulk" name="test_update_single_record" time="0.137" /><testcase classname="backend.tests.test_motorin_verme_bulk.TestMotorinVermeBulk" name="test_delete_single_record" time="0.092" /><testcase classname="backend.tests.test_motorin_verme_bulk.TestMotorinVermeBulk" name="test_delete_upload_cascades_records" time="0.303" /></testsuite></testsuites>